[Sat 09/06/2025 15:14:43.67] ===== Maintenance run started at Sat 09/06/2025 15:14:43.65 =====
[Sat 09/06/2025 15:14:43.69] ERROR: File not found: D:\OneDrive - Florida State University\MyFSU_OneDrive\R-Codes\RMSTSS\Miscellaneous\del-extra.bat
[Sat 09/06/2025 15:14:43.70] ERROR: File not found: D:\OneDrive - Florida State University\MyFSU_OneDrive\R-Codes\RMSTSS\Miscellaneous\push-chng.bat
[Sat 09/06/2025 15:14:43.70] ===== Maintenance run completed at Sat 09/06/2025 15:14:43.70 with EXITCODE 1 =====
[Sat 09/06/2025 15:15:12.45] ===== Maintenance run started at Sat 09/06/2025 15:15:12.45 =====
[Sat 09/06/2025 15:15:12.47] ERROR: File not found: D:\OneDrive - Florida State University\MyFSU_OneDrive\R-Codes\RMSTSS\Miscellaneous\del-extra.bat
[Sat 09/06/2025 15:15:12.48] ERROR: File not found: D:\OneDrive - Florida State University\MyFSU_OneDrive\R-Codes\RMSTSS\Miscellaneous\push-chng.bat
[Sat 09/06/2025 15:15:12.48] ===== Maintenance run completed at Sat 09/06/2025 15:15:12.48 with EXITCODE 1 =====
[Sat 09/06/2025 15:29:03.10] ===== Maintenance run started at Sat 09/06/2025 15:29:03.08 =====
[Sat 09/06/2025 15:29:03.12] Running del-extra.bat ...
Searching for files containing "kratos" in the name...
Done.
Press any key to continue . . . [Sat 09/06/2025 15:33:45.76] ===== Maintenance run started at Sat 09/06/2025 15:33:45.76 =====
[Sat 09/06/2025 15:33:45.78] Running del-extra.bat ...
Searching for files containing "kratos" in the name...
Done.
Press any key to continue . . . 
[Sat 09/06/2025 15:34:14.16] del-extra.bat completed successfully.
[Sat 09/06/2025 15:34:14.19] Running push-chng.bat ...
[Sat 09/06/2025 15:34:14.23] push-chng.bat completed successfully.
[Sat 09/06/2025 15:34:14.24] ===== Maintenance run completed at Sat 09/06/2025 15:34:14.24 with EXITCODE 0 =====
[Sat 09/06/2025 15:35:46.58] ===== Maintenance run started at Sat 09/06/2025 15:35:46.58 =====
[Sat 09/06/2025 15:35:46.59] Running del-extra.bat ...
Searching for files containing "kratos" in the name...
Done.
Press any key to continue . . . 